2025-05-20 15:33:31 [restartedMain] Starting SpringrestwithDtoApplication using Java 21.0.6 with PID 23376 (C:\Users\2406319\Documents\workspace-spring-tool-suite-4-4.29.1.RELEASE spring boot\springrestwithDTO\target\classes started by 2406319 in C:\Users\2406319\Documents\workspace-spring-tool-suite-4-4.29.1.RELEASE spring boot\springrestwithDTO)
2025-05-20 15:33:31 [restartedMain] No active profile set, falling back to 1 default profile: "default"
2025-05-20 15:33:31 [restartedMain] Bootstrapping Spring Data JPA repositories in DEFAULT mode.
2025-05-20 15:33:31 [restartedMain] Finished Spring Data repository scanning in 15 ms. Found 1 JPA repository interface.
2025-05-20 15:33:31 [restartedMain] Tomcat initialized with port 9098 (http)
2025-05-20 15:33:31 [restartedMain] Starting service [Tomcat]
2025-05-20 15:33:31 [restartedMain] Starting Servlet engine: [Apache Tomcat/10.1.40]
2025-05-20 15:33:31 [restartedMain] Initializing Spring embedded WebApplicationContext
2025-05-20 15:33:31 [restartedMain] Root WebApplicationContext: initialization completed in 470 ms
2025-05-20 15:33:31 [restartedMain] HHH000204: Processing PersistenceUnitInfo [name: default]
2025-05-20 15:33:31 [restartedMain] HHH000026: Second-level cache disabled
2025-05-20 15:33:31 [restartedMain] No LoadTimeWeaver setup: ignoring JPA class transformer
2025-05-20 15:33:31 [restartedMain] HikariPool-2 - Starting...
2025-05-20 15:33:31 [restartedMain] HikariPool-2 - Added connection com.mysql.cj.jdbc.ConnectionImpl@382ce40d
2025-05-20 15:33:31 [restartedMain] HikariPool-2 - Start completed.
2025-05-20 15:33:31 [restartedMain] HHH10001005: Database info:
	Database JDBC URL [Connecting through datasource 'HikariDataSource (HikariPool-2)']
	Database driver: undefined/unknown
	Database version: 8.0.41
	Autocommit mode: undefined/unknown
	Isolation level: undefined/unknown
	Minimum pool size: undefined/unknown
	Maximum pool size: undefined/unknown
2025-05-20 15:33:31 [restartedMain] HHH000489: No JTA platform available (set 'hibernate.transaction.jta.platform' to enable JTA platform integration)
2025-05-20 15:33:31 [restartedMain] Initialized JPA EntityManagerFactory for persistence unit 'default'
2025-05-20 15:33:31 [restartedMain] spring.jpa.open-in-view is enabled by default. Therefore, database queries may be performed during view rendering. Explicitly configure spring.jpa.open-in-view to disable this warning
2025-05-20 15:33:31 [restartedMain] LiveReload server is running on port 35729
2025-05-20 15:33:32 [restartedMain] Tomcat started on port 9098 (http) with context path '/'
2025-05-20 15:33:32 [restartedMain] Started SpringrestwithDtoApplication in 0.814 seconds (process running for 193.224)
2025-05-20 15:33:32 [restartedMain] Condition evaluation unchanged
2025-05-20 15:33:35 [http-nio-9098-exec-1] Initializing Spring DispatcherServlet 'dispatcherServlet'
2025-05-20 15:33:35 [http-nio-9098-exec-1] Initializing Servlet 'dispatcherServlet'
2025-05-20 15:33:35 [http-nio-9098-exec-1] Completed initialization in 1 ms
2025-05-20 15:33:36 [http-nio-9098-exec-10] Init duration for springdoc-openapi is: 163 ms
2025-05-20 15:33:58 [RMI TCP Connection(7)-127.0.0.1] Application shutdown requested.
2025-05-20 15:33:58 [RMI TCP Connection(7)-127.0.0.1] Commencing graceful shutdown. Waiting for active requests to complete
2025-05-20 15:33:58 [tomcat-shutdown] Graceful shutdown complete
2025-05-20 15:33:58 [RMI TCP Connection(7)-127.0.0.1] Closing JPA EntityManagerFactory for persistence unit 'default'
2025-05-20 15:33:58 [RMI TCP Connection(7)-127.0.0.1] HikariPool-2 - Shutdown initiated...
2025-05-20 15:33:58 [RMI TCP Connection(7)-127.0.0.1] HikariPool-2 - Shutdown completed.
2025-05-20 15:34:02 [restartedMain] Starting SpringrestwithDtoApplication using Java 21.0.6 with PID 18216 (C:\Users\2406319\Documents\workspace-spring-tool-suite-4-4.29.1.RELEASE spring boot\springrestwithDTO\target\classes started by 2406319 in C:\Users\2406319\Documents\workspace-spring-tool-suite-4-4.29.1.RELEASE spring boot\springrestwithDTO)
2025-05-20 15:34:02 [restartedMain] No active profile set, falling back to 1 default profile: "default"
2025-05-20 15:34:02 [restartedMain] Devtools property defaults active! Set 'spring.devtools.add-properties' to 'false' to disable
2025-05-20 15:34:02 [restartedMain] For additional web related logging consider setting the 'logging.level.web' property to 'DEBUG'
2025-05-20 15:34:03 [restartedMain] Bootstrapping Spring Data JPA repositories in DEFAULT mode.
2025-05-20 15:34:03 [restartedMain] Finished Spring Data repository scanning in 44 ms. Found 1 JPA repository interface.
2025-05-20 15:34:03 [restartedMain] Tomcat initialized with port 9098 (http)
2025-05-20 15:34:03 [restartedMain] Starting service [Tomcat]
2025-05-20 15:34:03 [restartedMain] Starting Servlet engine: [Apache Tomcat/10.1.40]
2025-05-20 15:34:04 [restartedMain] Initializing Spring embedded WebApplicationContext
2025-05-20 15:34:04 [restartedMain] Root WebApplicationContext: initialization completed in 1519 ms
2025-05-20 15:34:04 [restartedMain] HHH000204: Processing PersistenceUnitInfo [name: default]
2025-05-20 15:34:04 [restartedMain] HHH000412: Hibernate ORM core version 6.6.13.Final
2025-05-20 15:34:04 [restartedMain] HHH000026: Second-level cache disabled
2025-05-20 15:34:04 [restartedMain] No LoadTimeWeaver setup: ignoring JPA class transformer
2025-05-20 15:34:04 [restartedMain] HikariPool-1 - Starting...
2025-05-20 15:34:04 [restartedMain] HikariPool-1 - Added connection com.mysql.cj.jdbc.ConnectionImpl@ae1c3de
2025-05-20 15:34:04 [restartedMain] HikariPool-1 - Start completed.
2025-05-20 15:34:04 [restartedMain] HHH10001005: Database info:
	Database JDBC URL [Connecting through datasource 'HikariDataSource (HikariPool-1)']
	Database driver: undefined/unknown
	Database version: 8.0.41
	Autocommit mode: undefined/unknown
	Isolation level: undefined/unknown
	Minimum pool size: undefined/unknown
	Maximum pool size: undefined/unknown
2025-05-20 15:34:05 [restartedMain] HHH000489: No JTA platform available (set 'hibernate.transaction.jta.platform' to enable JTA platform integration)
2025-05-20 15:34:05 [restartedMain] Initialized JPA EntityManagerFactory for persistence unit 'default'
2025-05-20 15:34:05 [restartedMain] spring.jpa.open-in-view is enabled by default. Therefore, database queries may be performed during view rendering. Explicitly configure spring.jpa.open-in-view to disable this warning
2025-05-20 15:34:06 [restartedMain] LiveReload server is running on port 35729
2025-05-20 15:34:06 [restartedMain] Tomcat started on port 9098 (http) with context path '/'
2025-05-20 15:34:06 [restartedMain] Started SpringrestwithDtoApplication in 4.181 seconds (process running for 4.773)
2025-05-20 15:34:19 [http-nio-9098-exec-1] Initializing Spring DispatcherServlet 'dispatcherServlet'
2025-05-20 15:34:19 [http-nio-9098-exec-1] Initializing Servlet 'dispatcherServlet'
2025-05-20 15:34:19 [http-nio-9098-exec-1] Completed initialization in 0 ms
2025-05-20 15:34:19 [http-nio-9098-exec-3] Init duration for springdoc-openapi is: 287 ms
2025-05-20 15:36:41 [File Watcher] Restarting due to 1 class path change (0 additions, 0 deletions, 1 modification)
2025-05-20 15:36:41 [Thread-5] Commencing graceful shutdown. Waiting for active requests to complete
2025-05-20 15:36:41 [tomcat-shutdown] Graceful shutdown complete
2025-05-20 15:36:41 [Thread-5] Closing JPA EntityManagerFactory for persistence unit 'default'
2025-05-20 15:36:41 [Thread-5] HikariPool-1 - Shutdown initiated...
2025-05-20 15:36:41 [Thread-5] HikariPool-1 - Shutdown completed.
2025-05-20 15:36:41 [restartedMain] Starting SpringrestwithDtoApplication using Java 21.0.6 with PID 18216 (C:\Users\2406319\Documents\workspace-spring-tool-suite-4-4.29.1.RELEASE spring boot\springrestwithDTO\target\classes started by 2406319 in C:\Users\2406319\Documents\workspace-spring-tool-suite-4-4.29.1.RELEASE spring boot\springrestwithDTO)
2025-05-20 15:36:41 [restartedMain] No active profile set, falling back to 1 default profile: "default"
2025-05-20 15:36:42 [restartedMain] Bootstrapping Spring Data JPA repositories in DEFAULT mode.
2025-05-20 15:36:42 [restartedMain] Finished Spring Data repository scanning in 11 ms. Found 1 JPA repository interface.
2025-05-20 15:36:42 [restartedMain] Tomcat initialized with port 9098 (http)
2025-05-20 15:36:42 [restartedMain] Starting service [Tomcat]
2025-05-20 15:36:42 [restartedMain] Starting Servlet engine: [Apache Tomcat/10.1.40]
2025-05-20 15:36:42 [restartedMain] Initializing Spring embedded WebApplicationContext
2025-05-20 15:36:42 [restartedMain] Root WebApplicationContext: initialization completed in 270 ms
2025-05-20 15:36:42 [restartedMain] HHH000204: Processing PersistenceUnitInfo [name: default]
2025-05-20 15:36:42 [restartedMain] HHH000026: Second-level cache disabled
2025-05-20 15:36:42 [restartedMain] No LoadTimeWeaver setup: ignoring JPA class transformer
2025-05-20 15:36:42 [restartedMain] HikariPool-2 - Starting...
2025-05-20 15:36:42 [restartedMain] HikariPool-2 - Added connection com.mysql.cj.jdbc.ConnectionImpl@17e113a1
2025-05-20 15:36:42 [restartedMain] HikariPool-2 - Start completed.
2025-05-20 15:36:42 [restartedMain] HHH10001005: Database info:
	Database JDBC URL [Connecting through datasource 'HikariDataSource (HikariPool-2)']
	Database driver: undefined/unknown
	Database version: 8.0.41
	Autocommit mode: undefined/unknown
	Isolation level: undefined/unknown
	Minimum pool size: undefined/unknown
	Maximum pool size: undefined/unknown
2025-05-20 15:36:42 [restartedMain] HHH000489: No JTA platform available (set 'hibernate.transaction.jta.platform' to enable JTA platform integration)
2025-05-20 15:36:42 [restartedMain] Initialized JPA EntityManagerFactory for persistence unit 'default'
2025-05-20 15:36:42 [restartedMain] spring.jpa.open-in-view is enabled by default. Therefore, database queries may be performed during view rendering. Explicitly configure spring.jpa.open-in-view to disable this warning
2025-05-20 15:36:42 [restartedMain] LiveReload server is running on port 35729
2025-05-20 15:36:42 [restartedMain] Tomcat started on port 9098 (http) with context path '/'
2025-05-20 15:36:42 [restartedMain] Started SpringrestwithDtoApplication in 0.525 seconds (process running for 160.859)
2025-05-20 15:36:42 [restartedMain] Condition evaluation unchanged
2025-05-20 15:36:44 [File Watcher] Restarting due to 1 class path change (0 additions, 0 deletions, 1 modification)
2025-05-20 15:36:44 [Thread-7] Commencing graceful shutdown. Waiting for active requests to complete
2025-05-20 15:36:44 [tomcat-shutdown] Graceful shutdown complete
2025-05-20 15:36:44 [Thread-7] Closing JPA EntityManagerFactory for persistence unit 'default'
2025-05-20 15:36:44 [Thread-7] HikariPool-2 - Shutdown initiated...
2025-05-20 15:36:44 [Thread-7] HikariPool-2 - Shutdown completed.
2025-05-20 15:36:44 [restartedMain] Starting SpringrestwithDtoApplication using Java 21.0.6 with PID 18216 (C:\Users\2406319\Documents\workspace-spring-tool-suite-4-4.29.1.RELEASE spring boot\springrestwithDTO\target\classes started by 2406319 in C:\Users\2406319\Documents\workspace-spring-tool-suite-4-4.29.1.RELEASE spring boot\springrestwithDTO)
2025-05-20 15:36:44 [restartedMain] No active profile set, falling back to 1 default profile: "default"
2025-05-20 15:36:45 [restartedMain] Bootstrapping Spring Data JPA repositories in DEFAULT mode.
2025-05-20 15:36:45 [restartedMain] Finished Spring Data repository scanning in 7 ms. Found 1 JPA repository interface.
2025-05-20 15:36:45 [restartedMain] Tomcat initialized with port 9098 (http)
2025-05-20 15:36:45 [restartedMain] Starting service [Tomcat]
2025-05-20 15:36:45 [restartedMain] Starting Servlet engine: [Apache Tomcat/10.1.40]
2025-05-20 15:36:45 [restartedMain] Initializing Spring embedded WebApplicationContext
2025-05-20 15:36:45 [restartedMain] Root WebApplicationContext: initialization completed in 216 ms
2025-05-20 15:36:45 [restartedMain] HHH000204: Processing PersistenceUnitInfo [name: default]
2025-05-20 15:36:45 [restartedMain] HHH000026: Second-level cache disabled
2025-05-20 15:36:45 [restartedMain] No LoadTimeWeaver setup: ignoring JPA class transformer
2025-05-20 15:36:45 [restartedMain] HikariPool-3 - Starting...
2025-05-20 15:36:45 [restartedMain] HikariPool-3 - Added connection com.mysql.cj.jdbc.ConnectionImpl@7700eecc
2025-05-20 15:36:45 [restartedMain] HikariPool-3 - Start completed.
2025-05-20 15:36:45 [restartedMain] HHH10001005: Database info:
	Database JDBC URL [Connecting through datasource 'HikariDataSource (HikariPool-3)']
	Database driver: undefined/unknown
	Database version: 8.0.41
	Autocommit mode: undefined/unknown
	Isolation level: undefined/unknown
	Minimum pool size: undefined/unknown
	Maximum pool size: undefined/unknown
2025-05-20 15:36:45 [restartedMain] HHH000489: No JTA platform available (set 'hibernate.transaction.jta.platform' to enable JTA platform integration)
2025-05-20 15:36:45 [restartedMain] Initialized JPA EntityManagerFactory for persistence unit 'default'
2025-05-20 15:36:45 [restartedMain] spring.jpa.open-in-view is enabled by default. Therefore, database queries may be performed during view rendering. Explicitly configure spring.jpa.open-in-view to disable this warning
2025-05-20 15:36:45 [restartedMain] LiveReload server is running on port 35729
2025-05-20 15:36:45 [restartedMain] Tomcat started on port 9098 (http) with context path '/'
2025-05-20 15:36:45 [restartedMain] Started SpringrestwithDtoApplication in 0.471 seconds (process running for 163.834)
2025-05-20 15:36:45 [restartedMain] Condition evaluation unchanged
2025-05-20 15:37:41 [File Watcher] Restarting due to 1 class path change (0 additions, 0 deletions, 1 modification)
2025-05-20 15:37:41 [Thread-11] Commencing graceful shutdown. Waiting for active requests to complete
2025-05-20 15:37:41 [tomcat-shutdown] Graceful shutdown complete
2025-05-20 15:37:41 [Thread-11] Closing JPA EntityManagerFactory for persistence unit 'default'
2025-05-20 15:37:41 [Thread-11] HikariPool-3 - Shutdown initiated...
2025-05-20 15:37:41 [Thread-11] HikariPool-3 - Shutdown completed.
2025-05-20 15:37:41 [restartedMain] Starting SpringrestwithDtoApplication using Java 21.0.6 with PID 18216 (C:\Users\2406319\Documents\workspace-spring-tool-suite-4-4.29.1.RELEASE spring boot\springrestwithDTO\target\classes started by 2406319 in C:\Users\2406319\Documents\workspace-spring-tool-suite-4-4.29.1.RELEASE spring boot\springrestwithDTO)
2025-05-20 15:37:41 [restartedMain] No active profile set, falling back to 1 default profile: "default"
2025-05-20 15:37:42 [restartedMain] Bootstrapping Spring Data JPA repositories in DEFAULT mode.
2025-05-20 15:37:42 [restartedMain] Finished Spring Data repository scanning in 9 ms. Found 1 JPA repository interface.
2025-05-20 15:37:42 [restartedMain] Tomcat initialized with port 9098 (http)
2025-05-20 15:37:42 [restartedMain] Starting service [Tomcat]
2025-05-20 15:37:42 [restartedMain] Starting Servlet engine: [Apache Tomcat/10.1.40]
2025-05-20 15:37:42 [restartedMain] Initializing Spring embedded WebApplicationContext
2025-05-20 15:37:42 [restartedMain] Root WebApplicationContext: initialization completed in 244 ms
2025-05-20 15:37:42 [restartedMain] HHH000204: Processing PersistenceUnitInfo [name: default]
2025-05-20 15:37:42 [restartedMain] HHH000026: Second-level cache disabled
2025-05-20 15:37:42 [restartedMain] No LoadTimeWeaver setup: ignoring JPA class transformer
2025-05-20 15:37:42 [restartedMain] HikariPool-4 - Starting...
2025-05-20 15:37:42 [restartedMain] HikariPool-4 - Added connection com.mysql.cj.jdbc.ConnectionImpl@54b9baa9
2025-05-20 15:37:42 [restartedMain] HikariPool-4 - Start completed.
2025-05-20 15:37:42 [restartedMain] HHH10001005: Database info:
	Database JDBC URL [Connecting through datasource 'HikariDataSource (HikariPool-4)']
	Database driver: undefined/unknown
	Database version: 8.0.41
	Autocommit mode: undefined/unknown
	Isolation level: undefined/unknown
	Minimum pool size: undefined/unknown
	Maximum pool size: undefined/unknown
2025-05-20 15:37:42 [restartedMain] Failed to initialize JPA EntityManagerFactory: [PersistenceUnit: default] Unable to build Hibernate SessionFactory; nested exception is org.hibernate.InstantiationException: Could not instantiate entity 'com.cts.entity.Employee' due to: null
2025-05-20 15:37:42 [restartedMain] Exception encountered during context initialization - cancelling refresh attempt: org.springframework.beans.factory.BeanCreationException: Error creating bean with name 'entityManagerFactory' defined in class path resource [org/springframework/boot/autoconfigure/orm/jpa/HibernateJpaConfiguration.class]: [PersistenceUnit: default] Unable to build Hibernate SessionFactory; nested exception is org.hibernate.InstantiationException: Could not instantiate entity 'com.cts.entity.Employee' due to: null
2025-05-20 15:37:42 [restartedMain] HikariPool-4 - Shutdown initiated...
2025-05-20 15:37:42 [restartedMain] HikariPool-4 - Shutdown completed.
2025-05-20 15:37:42 [restartedMain] Stopping service [Tomcat]
2025-05-20 15:37:42 [restartedMain] 

Error starting ApplicationContext. To display the condition evaluation report re-run your application with 'debug' enabled.
2025-05-20 15:37:42 [restartedMain] Application run failed
org.springframework.beans.factory.BeanCreationException: Error creating bean with name 'entityManagerFactory' defined in class path resource [org/springframework/boot/autoconfigure/orm/jpa/HibernateJpaConfiguration.class]: [PersistenceUnit: default] Unable to build Hibernate SessionFactory; nested exception is org.hibernate.InstantiationException: Could not instantiate entity 'com.cts.entity.Employee' due to: null
	at org.springframework.beans.factory.support.AbstractAutowireCapableBeanFactory.initializeBean(AbstractAutowireCapableBeanFactory.java:1818) ~[spring-beans-6.2.6.jar:6.2.6]
	at org.springframework.beans.factory.support.AbstractAutowireCapableBeanFactory.doCreateBean(AbstractAutowireCapableBeanFactory.java:607) ~[spring-beans-6.2.6.jar:6.2.6]
	at org.springframework.beans.factory.support.AbstractAutowireCapableBeanFactory.createBean(AbstractAutowireCapableBeanFactory.java:529) ~[spring-beans-6.2.6.jar:6.2.6]
	at org.springframework.beans.factory.support.AbstractBeanFactory.lambda$doGetBean$0(AbstractBeanFactory.java:339) ~[spring-beans-6.2.6.jar:6.2.6]
	at org.springframework.beans.factory.support.DefaultSingletonBeanRegistry.getSingleton(DefaultSingletonBeanRegistry.java:371) ~[spring-beans-6.2.6.jar:6.2.6]
	at org.springframework.beans.factory.support.AbstractBeanFactory.doGetBean(AbstractBeanFactory.java:337) ~[spring-beans-6.2.6.jar:6.2.6]
	at org.springframework.beans.factory.support.AbstractBeanFactory.getBean(AbstractBeanFactory.java:207) ~[spring-beans-6.2.6.jar:6.2.6]
	at org.springframework.context.support.AbstractApplicationContext.finishBeanFactoryInitialization(AbstractApplicationContext.java:970) ~[spring-context-6.2.6.jar:6.2.6]
	at org.springframework.context.support.AbstractApplicationContext.refresh(AbstractApplicationContext.java:627) ~[spring-context-6.2.6.jar:6.2.6]
	at org.springframework.boot.web.servlet.context.ServletWebServerApplicationContext.refresh(ServletWebServerApplicationContext.java:146) ~[spring-boot-3.4.5.jar:3.4.5]
	at org.springframework.boot.SpringApplication.refresh(SpringApplication.java:753) ~[spring-boot-3.4.5.jar:3.4.5]
	at org.springframework.boot.SpringApplication.refreshContext(SpringApplication.java:439) ~[spring-boot-3.4.5.jar:3.4.5]
	at org.springframework.boot.SpringApplication.run(SpringApplication.java:318) ~[spring-boot-3.4.5.jar:3.4.5]
	at org.springframework.boot.SpringApplication.run(SpringApplication.java:1362) ~[spring-boot-3.4.5.jar:3.4.5]
	at org.springframework.boot.SpringApplication.run(SpringApplication.java:1351) ~[spring-boot-3.4.5.jar:3.4.5]
	at com.cts.SpringrestwithDtoApplication.main(SpringrestwithDtoApplication.java:12) ~[classes/:na]
	at java.base/jdk.internal.reflect.DirectMethodHandleAccessor.invoke(DirectMethodHandleAccessor.java:103) ~[na:na]
	at java.base/java.lang.reflect.Method.invoke(Method.java:580) ~[na:na]
	at org.springframework.boot.devtools.restart.RestartLauncher.run(RestartLauncher.java:50) ~[spring-boot-devtools-3.4.5.jar:3.4.5]
Caused by: jakarta.persistence.PersistenceException: [PersistenceUnit: default] Unable to build Hibernate SessionFactory; nested exception is org.hibernate.InstantiationException: Could not instantiate entity 'com.cts.entity.Employee' due to: null
	at org.springframework.orm.jpa.AbstractEntityManagerFactoryBean.buildNativeEntityManagerFactory(AbstractEntityManagerFactoryBean.java:431) ~[spring-orm-6.2.6.jar:6.2.6]
	at org.springframework.orm.jpa.AbstractEntityManagerFactoryBean.afterPropertiesSet(AbstractEntityManagerFactoryBean.java:400) ~[spring-orm-6.2.6.jar:6.2.6]
	at org.springframework.orm.jpa.LocalContainerEntityManagerFactoryBean.afterPropertiesSet(LocalContainerEntityManagerFactoryBean.java:366) ~[spring-orm-6.2.6.jar:6.2.6]
	at org.springframework.beans.factory.support.AbstractAutowireCapableBeanFactory.invokeInitMethods(AbstractAutowireCapableBeanFactory.java:1865) ~[spring-beans-6.2.6.jar:6.2.6]
	at org.springframework.beans.factory.support.AbstractAutowireCapableBeanFactory.initializeBean(AbstractAutowireCapableBeanFactory.java:1814) ~[spring-beans-6.2.6.jar:6.2.6]
	... 18 common frames omitted
Caused by: org.hibernate.InstantiationException: Could not instantiate entity 'com.cts.entity.Employee' due to: null
	at org.hibernate.metamodel.internal.EntityInstantiatorPojoStandard.instantiate(EntityInstantiatorPojoStandard.java:100) ~[hibernate-core-6.6.13.Final.jar:6.6.13.Final]
	at org.hibernate.persister.entity.AbstractEntityPersister.lambda$prepareMappingModel$14(AbstractEntityPersister.java:5343) ~[hibernate-core-6.6.13.Final.jar:6.6.13.Final]
	at org.hibernate.internal.util.LazyValue.getValue(LazyValue.java:30) ~[hibernate-core-6.6.13.Final.jar:6.6.13.Final]
	at org.hibernate.engine.internal.UnsavedValueFactory.getUnsavedIdentifierValue(UnsavedValueFactory.java:49) ~[hibernate-core-6.6.13.Final.jar:6.6.13.Final]
	at org.hibernate.metamodel.mapping.internal.BasicEntityIdentifierMappingImpl.<init>(BasicEntityIdentifierMappingImpl.java:119) ~[hibernate-core-6.6.13.Final.jar:6.6.13.Final]
	at org.hibernate.persister.entity.AbstractEntityPersister.generateIdentifierMapping(AbstractEntityPersister.java:5712) ~[hibernate-core-6.6.13.Final.jar:6.6.13.Final]
	at org.hibernate.persister.entity.AbstractEntityPersister.lambda$prepareMappingModel$15(AbstractEntityPersister.java:5348) ~[hibernate-core-6.6.13.Final.jar:6.6.13.Final]
	at org.hibernate.metamodel.mapping.internal.MappingModelCreationProcess.processSubPart(MappingModelCreationProcess.java:163) ~[hibernate-core-6.6.13.Final.jar:6.6.13.Final]
	at org.hibernate.persister.entity.AbstractEntityPersister.prepareMappingModel(AbstractEntityPersister.java:5346) ~[hibernate-core-6.6.13.Final.jar:6.6.13.Final]
	at org.hibernate.persister.entity.AbstractEntityPersister.prepareMappingModel(AbstractEntityPersister.java:5192) ~[hibernate-core-6.6.13.Final.jar:6.6.13.Final]
	at org.hibernate.metamodel.mapping.internal.MappingModelCreationProcess.execute(MappingModelCreationProcess.java:84) ~[hibernate-core-6.6.13.Final.jar:6.6.13.Final]
	at org.hibernate.metamodel.mapping.internal.MappingModelCreationProcess.process(MappingModelCreationProcess.java:42) ~[hibernate-core-6.6.13.Final.jar:6.6.13.Final]
	at org.hibernate.metamodel.model.domain.internal.MappingMetamodelImpl.finishInitialization(MappingMetamodelImpl.java:200) ~[hibernate-core-6.6.13.Final.jar:6.6.13.Final]
	at org.hibernate.internal.SessionFactoryImpl.initializeMappingModel(SessionFactoryImpl.java:373) ~[hibernate-core-6.6.13.Final.jar:6.6.13.Final]
	at org.hibernate.internal.SessionFactoryImpl.<init>(SessionFactoryImpl.java:302) ~[hibernate-core-6.6.13.Final.jar:6.6.13.Final]
	at org.hibernate.boot.internal.SessionFactoryBuilderImpl.build(SessionFactoryBuilderImpl.java:463) ~[hibernate-core-6.6.13.Final.jar:6.6.13.Final]
	at org.hibernate.jpa.boot.internal.EntityManagerFactoryBuilderImpl.build(EntityManagerFactoryBuilderImpl.java:1517) ~[hibernate-core-6.6.13.Final.jar:6.6.13.Final]
	at org.springframework.orm.jpa.vendor.SpringHibernateJpaPersistenceProvider.createContainerEntityManagerFactory(SpringHibernateJpaPersistenceProvider.java:66) ~[spring-orm-6.2.6.jar:6.2.6]
	at org.springframework.orm.jpa.LocalContainerEntityManagerFactoryBean.createNativeEntityManagerFactory(LocalContainerEntityManagerFactoryBean.java:390) ~[spring-orm-6.2.6.jar:6.2.6]
	at org.springframework.orm.jpa.AbstractEntityManagerFactoryBean.buildNativeEntityManagerFactory(AbstractEntityManagerFactoryBean.java:419) ~[spring-orm-6.2.6.jar:6.2.6]
	... 22 common frames omitted
Caused by: java.lang.reflect.InvocationTargetException: null
	at java.base/jdk.internal.reflect.DirectConstructorHandleAccessor.newInstance(DirectConstructorHandleAccessor.java:74) ~[na:na]
	at java.base/java.lang.reflect.Constructor.newInstanceWithCaller(Constructor.java:502) ~[na:na]
	at java.base/java.lang.reflect.Constructor.newInstance(Constructor.java:486) ~[na:na]
	at org.hibernate.metamodel.internal.EntityInstantiatorPojoStandard.instantiate(EntityInstantiatorPojoStandard.java:97) ~[hibernate-core-6.6.13.Final.jar:6.6.13.Final]
	... 41 common frames omitted
Caused by: java.lang.Error: Unresolved compilation problems: 
	Syntax error, insert "Identifier (" to complete MethodHeaderName
	Syntax error, insert ")" to complete MethodDeclaration

	at com.cts.entity.Employee.<init>(Employee.java:23) ~[classes/:na]
	at java.base/jdk.internal.reflect.DirectConstructorHandleAccessor.newInstance(DirectConstructorHandleAccessor.java:62) ~[na:na]
	... 44 common frames omitted
2025-05-20 15:37:44 [restartedMain] Starting SpringrestwithDtoApplication using Java 21.0.6 with PID 18216 (C:\Users\2406319\Documents\workspace-spring-tool-suite-4-4.29.1.RELEASE spring boot\springrestwithDTO\target\classes started by 2406319 in C:\Users\2406319\Documents\workspace-spring-tool-suite-4-4.29.1.RELEASE spring boot\springrestwithDTO)
2025-05-20 15:37:44 [restartedMain] No active profile set, falling back to 1 default profile: "default"
2025-05-20 15:37:44 [restartedMain] Bootstrapping Spring Data JPA repositories in DEFAULT mode.
2025-05-20 15:37:44 [restartedMain] Finished Spring Data repository scanning in 7 ms. Found 1 JPA repository interface.
2025-05-20 15:37:44 [restartedMain] Tomcat initialized with port 9098 (http)
2025-05-20 15:37:44 [restartedMain] Starting service [Tomcat]
2025-05-20 15:37:44 [restartedMain] Starting Servlet engine: [Apache Tomcat/10.1.40]
2025-05-20 15:37:44 [restartedMain] Initializing Spring embedded WebApplicationContext
2025-05-20 15:37:44 [restartedMain] Root WebApplicationContext: initialization completed in 203 ms
2025-05-20 15:37:44 [restartedMain] HHH000204: Processing PersistenceUnitInfo [name: default]
2025-05-20 15:37:44 [restartedMain] HHH000026: Second-level cache disabled
2025-05-20 15:37:44 [restartedMain] No LoadTimeWeaver setup: ignoring JPA class transformer
2025-05-20 15:37:44 [restartedMain] HikariPool-5 - Starting...
2025-05-20 15:37:44 [restartedMain] HikariPool-5 - Added connection com.mysql.cj.jdbc.ConnectionImpl@26f539bc
2025-05-20 15:37:44 [restartedMain] HikariPool-5 - Start completed.
2025-05-20 15:37:44 [restartedMain] HHH10001005: Database info:
	Database JDBC URL [Connecting through datasource 'HikariDataSource (HikariPool-5)']
	Database driver: undefined/unknown
	Database version: 8.0.41
	Autocommit mode: undefined/unknown
	Isolation level: undefined/unknown
	Minimum pool size: undefined/unknown
	Maximum pool size: undefined/unknown
2025-05-20 15:37:44 [restartedMain] HHH000489: No JTA platform available (set 'hibernate.transaction.jta.platform' to enable JTA platform integration)
2025-05-20 15:37:45 [restartedMain] Initialized JPA EntityManagerFactory for persistence unit 'default'
2025-05-20 15:37:45 [restartedMain] spring.jpa.open-in-view is enabled by default. Therefore, database queries may be performed during view rendering. Explicitly configure spring.jpa.open-in-view to disable this warning
2025-05-20 15:37:45 [restartedMain] LiveReload server is running on port 35729
2025-05-20 15:37:45 [restartedMain] Tomcat started on port 9098 (http) with context path '/'
2025-05-20 15:37:45 [restartedMain] Started SpringrestwithDtoApplication in 0.566 seconds (process running for 223.723)
2025-05-20 15:37:45 [restartedMain] Condition evaluation unchanged
2025-05-20 15:37:48 [http-nio-9098-exec-1] Initializing Spring DispatcherServlet 'dispatcherServlet'
2025-05-20 15:37:48 [http-nio-9098-exec-1] Initializing Servlet 'dispatcherServlet'
2025-05-20 15:37:48 [http-nio-9098-exec-1] Completed initialization in 1 ms
2025-05-20 15:37:48 [http-nio-9098-exec-4] Init duration for springdoc-openapi is: 35 ms
2025-05-20 15:37:56 [RMI TCP Connection(8)-127.0.0.1] Application shutdown requested.
2025-05-20 15:37:56 [RMI TCP Connection(8)-127.0.0.1] Commencing graceful shutdown. Waiting for active requests to complete
2025-05-20 15:37:56 [tomcat-shutdown] Graceful shutdown complete
2025-05-20 15:37:56 [RMI TCP Connection(8)-127.0.0.1] Closing JPA EntityManagerFactory for persistence unit 'default'
2025-05-20 15:37:56 [RMI TCP Connection(8)-127.0.0.1] HikariPool-5 - Shutdown initiated...
2025-05-20 15:37:56 [RMI TCP Connection(8)-127.0.0.1] HikariPool-5 - Shutdown completed.
2025-05-20 15:38:00 [restartedMain] Starting SpringrestwithDtoApplication using Java 21.0.6 with PID 16712 (C:\Users\2406319\Documents\workspace-spring-tool-suite-4-4.29.1.RELEASE spring boot\springrestwithDTO\target\classes started by 2406319 in C:\Users\2406319\Documents\workspace-spring-tool-suite-4-4.29.1.RELEASE spring boot\springrestwithDTO)
2025-05-20 15:38:00 [restartedMain] No active profile set, falling back to 1 default profile: "default"
2025-05-20 15:38:00 [restartedMain] Devtools property defaults active! Set 'spring.devtools.add-properties' to 'false' to disable
2025-05-20 15:38:00 [restartedMain] For additional web related logging consider setting the 'logging.level.web' property to 'DEBUG'
2025-05-20 15:38:01 [restartedMain] Bootstrapping Spring Data JPA repositories in DEFAULT mode.
2025-05-20 15:38:01 [restartedMain] Finished Spring Data repository scanning in 35 ms. Found 1 JPA repository interface.
2025-05-20 15:38:01 [restartedMain] Tomcat initialized with port 9098 (http)
2025-05-20 15:38:01 [restartedMain] Starting service [Tomcat]
2025-05-20 15:38:01 [restartedMain] Starting Servlet engine: [Apache Tomcat/10.1.40]
2025-05-20 15:38:01 [restartedMain] Initializing Spring embedded WebApplicationContext
2025-05-20 15:38:01 [restartedMain] Root WebApplicationContext: initialization completed in 1109 ms
2025-05-20 15:38:02 [restartedMain] HHH000204: Processing PersistenceUnitInfo [name: default]
2025-05-20 15:38:02 [restartedMain] HHH000412: Hibernate ORM core version 6.6.13.Final
2025-05-20 15:38:02 [restartedMain] HHH000026: Second-level cache disabled
2025-05-20 15:38:02 [restartedMain] No LoadTimeWeaver setup: ignoring JPA class transformer
2025-05-20 15:38:02 [restartedMain] HikariPool-1 - Starting...
2025-05-20 15:38:02 [restartedMain] HikariPool-1 - Added connection com.mysql.cj.jdbc.ConnectionImpl@9665467
2025-05-20 15:38:02 [restartedMain] HikariPool-1 - Start completed.
2025-05-20 15:38:02 [restartedMain] HHH10001005: Database info:
	Database JDBC URL [Connecting through datasource 'HikariDataSource (HikariPool-1)']
	Database driver: undefined/unknown
	Database version: 8.0.41
	Autocommit mode: undefined/unknown
	Isolation level: undefined/unknown
	Minimum pool size: undefined/unknown
	Maximum pool size: undefined/unknown
2025-05-20 15:38:03 [restartedMain] HHH000489: No JTA platform available (set 'hibernate.transaction.jta.platform' to enable JTA platform integration)
2025-05-20 15:38:03 [restartedMain] Initialized JPA EntityManagerFactory for persistence unit 'default'
2025-05-20 15:38:03 [restartedMain] spring.jpa.open-in-view is enabled by default. Therefore, database queries may be performed during view rendering. Explicitly configure spring.jpa.open-in-view to disable this warning
2025-05-20 15:38:04 [restartedMain] LiveReload server is running on port 35729
2025-05-20 15:38:04 [restartedMain] Tomcat started on port 9098 (http) with context path '/'
2025-05-20 15:38:04 [restartedMain] Started SpringrestwithDtoApplication in 3.674 seconds (process running for 4.242)
2025-05-20 15:38:10 [http-nio-9098-exec-2] Initializing Spring DispatcherServlet 'dispatcherServlet'
2025-05-20 15:38:10 [http-nio-9098-exec-2] Initializing Servlet 'dispatcherServlet'
2025-05-20 15:38:10 [http-nio-9098-exec-2] Completed initialization in 1 ms
2025-05-20 15:38:10 [http-nio-9098-exec-4] Init duration for springdoc-openapi is: 138 ms
2025-05-20 15:42:58 [File Watcher] Restarting due to 1 class path change (0 additions, 0 deletions, 1 modification)
2025-05-20 15:42:58 [Thread-5] Commencing graceful shutdown. Waiting for active requests to complete
2025-05-20 15:42:58 [tomcat-shutdown] Graceful shutdown complete
2025-05-20 15:42:58 [Thread-5] Closing JPA EntityManagerFactory for persistence unit 'default'
2025-05-20 15:42:58 [Thread-5] HikariPool-1 - Shutdown initiated...
2025-05-20 15:42:58 [Thread-5] HikariPool-1 - Shutdown completed.
2025-05-20 15:42:58 [restartedMain] Starting SpringrestwithDtoApplication using Java 21.0.6 with PID 16712 (C:\Users\2406319\Documents\workspace-spring-tool-suite-4-4.29.1.RELEASE spring boot\springrestwithDTO\target\classes started by 2406319 in C:\Users\2406319\Documents\workspace-spring-tool-suite-4-4.29.1.RELEASE spring boot\springrestwithDTO)
2025-05-20 15:42:58 [restartedMain] No active profile set, falling back to 1 default profile: "default"
2025-05-20 15:42:59 [restartedMain] Bootstrapping Spring Data JPA repositories in DEFAULT mode.
2025-05-20 15:42:59 [restartedMain] Finished Spring Data repository scanning in 8 ms. Found 1 JPA repository interface.
2025-05-20 15:42:59 [restartedMain] Tomcat initialized with port 9098 (http)
2025-05-20 15:42:59 [restartedMain] Starting service [Tomcat]
2025-05-20 15:42:59 [restartedMain] Starting Servlet engine: [Apache Tomcat/10.1.40]
2025-05-20 15:42:59 [restartedMain] Initializing Spring embedded WebApplicationContext
2025-05-20 15:42:59 [restartedMain] Root WebApplicationContext: initialization completed in 353 ms
2025-05-20 15:42:59 [restartedMain] HHH000204: Processing PersistenceUnitInfo [name: default]
2025-05-20 15:42:59 [restartedMain] HHH000026: Second-level cache disabled
2025-05-20 15:42:59 [restartedMain] No LoadTimeWeaver setup: ignoring JPA class transformer
2025-05-20 15:42:59 [restartedMain] HikariPool-2 - Starting...
2025-05-20 15:42:59 [restartedMain] HikariPool-2 - Added connection com.mysql.cj.jdbc.ConnectionImpl@62d3892b
2025-05-20 15:42:59 [restartedMain] HikariPool-2 - Start completed.
2025-05-20 15:42:59 [restartedMain] HHH10001005: Database info:
	Database JDBC URL [Connecting through datasource 'HikariDataSource (HikariPool-2)']
	Database driver: undefined/unknown
	Database version: 8.0.41
	Autocommit mode: undefined/unknown
	Isolation level: undefined/unknown
	Minimum pool size: undefined/unknown
	Maximum pool size: undefined/unknown
2025-05-20 15:42:59 [restartedMain] HHH000489: No JTA platform available (set 'hibernate.transaction.jta.platform' to enable JTA platform integration)
2025-05-20 15:42:59 [restartedMain] Initialized JPA EntityManagerFactory for persistence unit 'default'
2025-05-20 15:42:59 [restartedMain] spring.jpa.open-in-view is enabled by default. Therefore, database queries may be performed during view rendering. Explicitly configure spring.jpa.open-in-view to disable this warning
2025-05-20 15:42:59 [restartedMain] LiveReload server is running on port 35729
2025-05-20 15:42:59 [restartedMain] Tomcat started on port 9098 (http) with context path '/'
2025-05-20 15:42:59 [restartedMain] Started SpringrestwithDtoApplication in 0.643 seconds (process running for 299.648)
2025-05-20 15:42:59 [restartedMain] Condition evaluation unchanged
2025-05-20 15:43:09 [http-nio-9098-exec-2] Initializing Spring DispatcherServlet 'dispatcherServlet'
2025-05-20 15:43:09 [http-nio-9098-exec-2] Initializing Servlet 'dispatcherServlet'
2025-05-20 15:43:09 [http-nio-9098-exec-2] Completed initialization in 0 ms
2025-05-20 15:45:38 [File Watcher] Restarting due to 1 class path change (0 additions, 0 deletions, 1 modification)
2025-05-20 15:45:38 [Thread-7] Commencing graceful shutdown. Waiting for active requests to complete
2025-05-20 15:45:38 [tomcat-shutdown] Graceful shutdown complete
2025-05-20 15:45:38 [Thread-7] Closing JPA EntityManagerFactory for persistence unit 'default'
2025-05-20 15:45:38 [Thread-7] HikariPool-2 - Shutdown initiated...
2025-05-20 15:45:38 [Thread-7] HikariPool-2 - Shutdown completed.
2025-05-20 15:45:38 [restartedMain] Starting SpringrestwithDtoApplication using Java 21.0.6 with PID 16712 (C:\Users\2406319\Documents\workspace-spring-tool-suite-4-4.29.1.RELEASE spring boot\springrestwithDTO\target\classes started by 2406319 in C:\Users\2406319\Documents\workspace-spring-tool-suite-4-4.29.1.RELEASE spring boot\springrestwithDTO)
2025-05-20 15:45:38 [restartedMain] No active profile set, falling back to 1 default profile: "default"
2025-05-20 15:45:39 [restartedMain] Bootstrapping Spring Data JPA repositories in DEFAULT mode.
2025-05-20 15:45:39 [restartedMain] Finished Spring Data repository scanning in 9 ms. Found 1 JPA repository interface.
2025-05-20 15:45:39 [restartedMain] Tomcat initialized with port 9098 (http)
2025-05-20 15:45:39 [restartedMain] Starting service [Tomcat]
2025-05-20 15:45:39 [restartedMain] Starting Servlet engine: [Apache Tomcat/10.1.40]
2025-05-20 15:45:39 [restartedMain] Initializing Spring embedded WebApplicationContext
2025-05-20 15:45:39 [restartedMain] Root WebApplicationContext: initialization completed in 321 ms
2025-05-20 15:45:39 [restartedMain] HHH000204: Processing PersistenceUnitInfo [name: default]
2025-05-20 15:45:39 [restartedMain] HHH000026: Second-level cache disabled
2025-05-20 15:45:39 [restartedMain] No LoadTimeWeaver setup: ignoring JPA class transformer
2025-05-20 15:45:39 [restartedMain] HikariPool-3 - Starting...
2025-05-20 15:45:39 [restartedMain] HikariPool-3 - Added connection com.mysql.cj.jdbc.ConnectionImpl@20b2b5e7
2025-05-20 15:45:39 [restartedMain] HikariPool-3 - Start completed.
2025-05-20 15:45:39 [restartedMain] HHH10001005: Database info:
	Database JDBC URL [Connecting through datasource 'HikariDataSource (HikariPool-3)']
	Database driver: undefined/unknown
	Database version: 8.0.41
	Autocommit mode: undefined/unknown
	Isolation level: undefined/unknown
	Minimum pool size: undefined/unknown
	Maximum pool size: undefined/unknown
2025-05-20 15:45:39 [restartedMain] HHH000489: No JTA platform available (set 'hibernate.transaction.jta.platform' to enable JTA platform integration)
2025-05-20 15:45:39 [restartedMain] Initialized JPA EntityManagerFactory for persistence unit 'default'
2025-05-20 15:45:39 [restartedMain] spring.jpa.open-in-view is enabled by default. Therefore, database queries may be performed during view rendering. Explicitly configure spring.jpa.open-in-view to disable this warning
2025-05-20 15:45:39 [restartedMain] LiveReload server is running on port 35729
2025-05-20 15:45:39 [restartedMain] Tomcat started on port 9098 (http) with context path '/'
2025-05-20 15:45:39 [restartedMain] Started SpringrestwithDtoApplication in 0.684 seconds (process running for 459.751)
2025-05-20 15:45:39 [restartedMain] Condition evaluation unchanged
2025-05-20 15:45:57 [http-nio-9098-exec-1] Initializing Spring DispatcherServlet 'dispatcherServlet'
2025-05-20 15:45:57 [http-nio-9098-exec-1] Initializing Servlet 'dispatcherServlet'
2025-05-20 15:45:57 [http-nio-9098-exec-1] Completed initialization in 0 ms
2025-05-20 15:45:57 [http-nio-9098-exec-4] Init duration for springdoc-openapi is: 70 ms
2025-05-20 15:47:39 [File Watcher] Restarting due to 1 class path change (0 additions, 0 deletions, 1 modification)
2025-05-20 15:47:39 [Thread-11] Commencing graceful shutdown. Waiting for active requests to complete
2025-05-20 15:47:39 [tomcat-shutdown] Graceful shutdown complete
2025-05-20 15:47:39 [Thread-11] Closing JPA EntityManagerFactory for persistence unit 'default'
2025-05-20 15:47:39 [Thread-11] HikariPool-3 - Shutdown initiated...
2025-05-20 15:47:39 [Thread-11] HikariPool-3 - Shutdown completed.
2025-05-20 15:47:39 [restartedMain] Starting SpringrestwithDtoApplication using Java 21.0.6 with PID 16712 (C:\Users\2406319\Documents\workspace-spring-tool-suite-4-4.29.1.RELEASE spring boot\springrestwithDTO\target\classes started by 2406319 in C:\Users\2406319\Documents\workspace-spring-tool-suite-4-4.29.1.RELEASE spring boot\springrestwithDTO)
2025-05-20 15:47:39 [restartedMain] No active profile set, falling back to 1 default profile: "default"
2025-05-20 15:47:39 [restartedMain] Bootstrapping Spring Data JPA repositories in DEFAULT mode.
2025-05-20 15:47:39 [restartedMain] Finished Spring Data repository scanning in 11 ms. Found 1 JPA repository interface.
2025-05-20 15:47:39 [restartedMain] Tomcat initialized with port 9098 (http)
2025-05-20 15:47:39 [restartedMain] Starting service [Tomcat]
2025-05-20 15:47:39 [restartedMain] Starting Servlet engine: [Apache Tomcat/10.1.40]
2025-05-20 15:47:39 [restartedMain] Initializing Spring embedded WebApplicationContext
2025-05-20 15:47:39 [restartedMain] Root WebApplicationContext: initialization completed in 259 ms
2025-05-20 15:47:39 [restartedMain] HHH000204: Processing PersistenceUnitInfo [name: default]
2025-05-20 15:47:39 [restartedMain] HHH000026: Second-level cache disabled
2025-05-20 15:47:39 [restartedMain] No LoadTimeWeaver setup: ignoring JPA class transformer
2025-05-20 15:47:39 [restartedMain] HikariPool-4 - Starting...
2025-05-20 15:47:39 [restartedMain] HikariPool-4 - Added connection com.mysql.cj.jdbc.ConnectionImpl@2f0e5ed0
2025-05-20 15:47:39 [restartedMain] HikariPool-4 - Start completed.
2025-05-20 15:47:39 [restartedMain] HHH10001005: Database info:
	Database JDBC URL [Connecting through datasource 'HikariDataSource (HikariPool-4)']
	Database driver: undefined/unknown
	Database version: 8.0.41
	Autocommit mode: undefined/unknown
	Isolation level: undefined/unknown
	Minimum pool size: undefined/unknown
	Maximum pool size: undefined/unknown
2025-05-20 15:47:39 [restartedMain] HHH000489: No JTA platform available (set 'hibernate.transaction.jta.platform' to enable JTA platform integration)
2025-05-20 15:47:39 [restartedMain] Initialized JPA EntityManagerFactory for persistence unit 'default'
2025-05-20 15:47:40 [restartedMain] spring.jpa.open-in-view is enabled by default. Therefore, database queries may be performed during view rendering. Explicitly configure spring.jpa.open-in-view to disable this warning
2025-05-20 15:47:40 [restartedMain] LiveReload server is running on port 35729
2025-05-20 15:47:40 [restartedMain] Tomcat started on port 9098 (http) with context path '/'
2025-05-20 15:47:40 [restartedMain] Started SpringrestwithDtoApplication in 0.553 seconds (process running for 580.28)
2025-05-20 15:47:40 [restartedMain] Condition evaluation unchanged
2025-05-20 15:48:00 [http-nio-9098-exec-1] Initializing Spring DispatcherServlet 'dispatcherServlet'
2025-05-20 15:48:00 [http-nio-9098-exec-1] Initializing Servlet 'dispatcherServlet'
2025-05-20 15:48:00 [http-nio-9098-exec-1] Completed initialization in 0 ms
2025-05-20 15:48:00 [http-nio-9098-exec-4] Init duration for springdoc-openapi is: 73 ms
2025-05-20 16:24:02 [HikariPool-4 housekeeper] HikariPool-4 - Thread starvation or clock leap detected (housekeeper delta=12m22s11ms409µs600ns).
2025-05-20 16:26:15 [File Watcher] Restarting due to 1 class path change (0 additions, 0 deletions, 1 modification)
2025-05-20 16:26:15 [Thread-15] Commencing graceful shutdown. Waiting for active requests to complete
2025-05-20 16:26:15 [tomcat-shutdown] Graceful shutdown complete
2025-05-20 16:26:15 [Thread-15] Closing JPA EntityManagerFactory for persistence unit 'default'
2025-05-20 16:26:15 [Thread-15] HikariPool-4 - Shutdown initiated...
2025-05-20 16:26:15 [Thread-15] HikariPool-4 - Shutdown completed.
2025-05-20 16:26:15 [restartedMain] Starting SpringrestwithDtoApplication using Java 21.0.6 with PID 16712 (C:\Users\2406319\Documents\workspace-spring-tool-suite-4-4.29.1.RELEASE spring boot\springrestwithDTO\target\classes started by 2406319 in C:\Users\2406319\Documents\workspace-spring-tool-suite-4-4.29.1.RELEASE spring boot\springrestwithDTO)
2025-05-20 16:26:15 [restartedMain] No active profile set, falling back to 1 default profile: "default"
2025-05-20 16:26:16 [restartedMain] Bootstrapping Spring Data JPA repositories in DEFAULT mode.
2025-05-20 16:26:16 [restartedMain] Finished Spring Data repository scanning in 13 ms. Found 1 JPA repository interface.
2025-05-20 16:26:16 [restartedMain] Tomcat initialized with port 9098 (http)
2025-05-20 16:26:16 [restartedMain] Starting service [Tomcat]
2025-05-20 16:26:16 [restartedMain] Starting Servlet engine: [Apache Tomcat/10.1.40]
2025-05-20 16:26:16 [restartedMain] Initializing Spring embedded WebApplicationContext
2025-05-20 16:26:16 [restartedMain] Root WebApplicationContext: initialization completed in 684 ms
2025-05-20 16:26:16 [restartedMain] HHH000204: Processing PersistenceUnitInfo [name: default]
2025-05-20 16:26:16 [restartedMain] HHH000026: Second-level cache disabled
2025-05-20 16:26:16 [restartedMain] No LoadTimeWeaver setup: ignoring JPA class transformer
2025-05-20 16:26:16 [restartedMain] HikariPool-5 - Starting...
2025-05-20 16:26:16 [restartedMain] HikariPool-5 - Added connection com.mysql.cj.jdbc.ConnectionImpl@1251f962
2025-05-20 16:26:16 [restartedMain] HikariPool-5 - Start completed.
2025-05-20 16:26:16 [restartedMain] HHH10001005: Database info:
	Database JDBC URL [Connecting through datasource 'HikariDataSource (HikariPool-5)']
	Database driver: undefined/unknown
	Database version: 8.0.41
	Autocommit mode: undefined/unknown
	Isolation level: undefined/unknown
	Minimum pool size: undefined/unknown
	Maximum pool size: undefined/unknown
2025-05-20 16:26:16 [restartedMain] HHH000489: No JTA platform available (set 'hibernate.transaction.jta.platform' to enable JTA platform integration)
2025-05-20 16:26:16 [restartedMain] Initialized JPA EntityManagerFactory for persistence unit 'default'
2025-05-20 16:26:16 [restartedMain] spring.jpa.open-in-view is enabled by default. Therefore, database queries may be performed during view rendering. Explicitly configure spring.jpa.open-in-view to disable this warning
2025-05-20 16:26:16 [restartedMain] LiveReload server is running on port 35729
2025-05-20 16:26:16 [restartedMain] Tomcat started on port 9098 (http) with context path '/'
2025-05-20 16:26:16 [restartedMain] Started SpringrestwithDtoApplication in 1.328 seconds (process running for 2896.986)
2025-05-20 16:26:16 [restartedMain] Condition evaluation unchanged
2025-05-20 16:26:18 [File Watcher] Restarting due to 1 class path change (0 additions, 0 deletions, 1 modification)
2025-05-20 16:26:18 [Thread-19] Commencing graceful shutdown. Waiting for active requests to complete
2025-05-20 16:26:18 [tomcat-shutdown] Graceful shutdown complete
2025-05-20 16:26:18 [Thread-19] Closing JPA EntityManagerFactory for persistence unit 'default'
2025-05-20 16:26:18 [Thread-19] HikariPool-5 - Shutdown initiated...
2025-05-20 16:26:18 [Thread-19] HikariPool-5 - Shutdown completed.
2025-05-20 16:26:18 [restartedMain] Starting SpringrestwithDtoApplication using Java 21.0.6 with PID 16712 (C:\Users\2406319\Documents\workspace-spring-tool-suite-4-4.29.1.RELEASE spring boot\springrestwithDTO\target\classes started by 2406319 in C:\Users\2406319\Documents\workspace-spring-tool-suite-4-4.29.1.RELEASE spring boot\springrestwithDTO)
2025-05-20 16:26:18 [restartedMain] No active profile set, falling back to 1 default profile: "default"
2025-05-20 16:26:18 [restartedMain] Bootstrapping Spring Data JPA repositories in DEFAULT mode.
2025-05-20 16:26:18 [restartedMain] Finished Spring Data repository scanning in 33 ms. Found 1 JPA repository interface.
2025-05-20 16:26:19 [restartedMain] Tomcat initialized with port 9098 (http)
2025-05-20 16:26:19 [restartedMain] Starting service [Tomcat]
2025-05-20 16:26:19 [restartedMain] Starting Servlet engine: [Apache Tomcat/10.1.40]
2025-05-20 16:26:19 [restartedMain] Initializing Spring embedded WebApplicationContext
2025-05-20 16:26:19 [restartedMain] Root WebApplicationContext: initialization completed in 685 ms
2025-05-20 16:26:19 [restartedMain] HHH000204: Processing PersistenceUnitInfo [name: default]
2025-05-20 16:26:19 [restartedMain] HHH000026: Second-level cache disabled
2025-05-20 16:26:19 [restartedMain] No LoadTimeWeaver setup: ignoring JPA class transformer
2025-05-20 16:26:19 [restartedMain] HikariPool-6 - Starting...
2025-05-20 16:26:19 [restartedMain] HikariPool-6 - Added connection com.mysql.cj.jdbc.ConnectionImpl@34cbe642
2025-05-20 16:26:19 [restartedMain] HikariPool-6 - Start completed.
2025-05-20 16:26:19 [restartedMain] HHH10001005: Database info:
	Database JDBC URL [Connecting through datasource 'HikariDataSource (HikariPool-6)']
	Database driver: undefined/unknown
	Database version: 8.0.41
	Autocommit mode: undefined/unknown
	Isolation level: undefined/unknown
	Minimum pool size: undefined/unknown
	Maximum pool size: undefined/unknown
2025-05-20 16:26:19 [restartedMain] HHH000489: No JTA platform available (set 'hibernate.transaction.jta.platform' to enable JTA platform integration)
2025-05-20 16:26:19 [restartedMain] Initialized JPA EntityManagerFactory for persistence unit 'default'
2025-05-20 16:26:19 [restartedMain] spring.jpa.open-in-view is enabled by default. Therefore, database queries may be performed during view rendering. Explicitly configure spring.jpa.open-in-view to disable this warning
2025-05-20 16:26:19 [restartedMain] LiveReload server is running on port 35729
2025-05-20 16:26:19 [restartedMain] Tomcat started on port 9098 (http) with context path '/'
2025-05-20 16:26:19 [restartedMain] Started SpringrestwithDtoApplication in 1.312 seconds (process running for 2899.816)
2025-05-20 16:26:19 [restartedMain] Condition evaluation unchanged
2025-05-20 16:26:44 [File Watcher] Restarting due to 1 class path change (0 additions, 0 deletions, 1 modification)
2025-05-20 16:26:44 [Thread-23] Commencing graceful shutdown. Waiting for active requests to complete
2025-05-20 16:26:44 [tomcat-shutdown] Graceful shutdown complete
2025-05-20 16:26:44 [Thread-23] Closing JPA EntityManagerFactory for persistence unit 'default'
2025-05-20 16:26:44 [Thread-23] HikariPool-6 - Shutdown initiated...
2025-05-20 16:26:44 [Thread-23] HikariPool-6 - Shutdown completed.
2025-05-20 16:26:44 [restartedMain] Starting SpringrestwithDtoApplication using Java 21.0.6 with PID 16712 (C:\Users\2406319\Documents\workspace-spring-tool-suite-4-4.29.1.RELEASE spring boot\springrestwithDTO\target\classes started by 2406319 in C:\Users\2406319\Documents\workspace-spring-tool-suite-4-4.29.1.RELEASE spring boot\springrestwithDTO)
2025-05-20 16:26:44 [restartedMain] No active profile set, falling back to 1 default profile: "default"
2025-05-20 16:26:45 [restartedMain] Bootstrapping Spring Data JPA repositories in DEFAULT mode.
2025-05-20 16:26:45 [restartedMain] Finished Spring Data repository scanning in 33 ms. Found 1 JPA repository interface.
2025-05-20 16:26:45 [restartedMain] Tomcat initialized with port 9098 (http)
2025-05-20 16:26:45 [restartedMain] Starting service [Tomcat]
2025-05-20 16:26:45 [restartedMain] Starting Servlet engine: [Apache Tomcat/10.1.40]
2025-05-20 16:26:45 [restartedMain] Initializing Spring embedded WebApplicationContext
2025-05-20 16:26:45 [restartedMain] Root WebApplicationContext: initialization completed in 780 ms
2025-05-20 16:26:45 [restartedMain] HHH000204: Processing PersistenceUnitInfo [name: default]
2025-05-20 16:26:45 [restartedMain] HHH000026: Second-level cache disabled
2025-05-20 16:26:45 [restartedMain] No LoadTimeWeaver setup: ignoring JPA class transformer
2025-05-20 16:26:45 [restartedMain] HikariPool-7 - Starting...
2025-05-20 16:26:45 [restartedMain] HikariPool-7 - Added connection com.mysql.cj.jdbc.ConnectionImpl@210a3ea5
2025-05-20 16:26:45 [restartedMain] HikariPool-7 - Start completed.
2025-05-20 16:26:45 [restartedMain] HHH10001005: Database info:
	Database JDBC URL [Connecting through datasource 'HikariDataSource (HikariPool-7)']
	Database driver: undefined/unknown
	Database version: 8.0.41
	Autocommit mode: undefined/unknown
	Isolation level: undefined/unknown
	Minimum pool size: undefined/unknown
	Maximum pool size: undefined/unknown
2025-05-20 16:26:45 [restartedMain] HHH000489: No JTA platform available (set 'hibernate.transaction.jta.platform' to enable JTA platform integration)
2025-05-20 16:26:45 [restartedMain] Initialized JPA EntityManagerFactory for persistence unit 'default'
2025-05-20 16:26:45 [restartedMain] spring.jpa.open-in-view is enabled by default. Therefore, database queries may be performed during view rendering. Explicitly configure spring.jpa.open-in-view to disable this warning
2025-05-20 16:26:46 [restartedMain] LiveReload server is running on port 35729
2025-05-20 16:26:46 [restartedMain] Tomcat started on port 9098 (http) with context path '/'
2025-05-20 16:26:46 [restartedMain] Started SpringrestwithDtoApplication in 1.329 seconds (process running for 2926.305)
2025-05-20 16:26:46 [restartedMain] Condition evaluation unchanged
2025-05-20 16:26:47 [File Watcher] Restarting due to 1 class path change (0 additions, 0 deletions, 1 modification)
2025-05-20 16:26:47 [Thread-27] Commencing graceful shutdown. Waiting for active requests to complete
2025-05-20 16:26:47 [tomcat-shutdown] Graceful shutdown complete
2025-05-20 16:26:47 [Thread-27] Closing JPA EntityManagerFactory for persistence unit 'default'
2025-05-20 16:26:47 [Thread-27] HikariPool-7 - Shutdown initiated...
2025-05-20 16:26:47 [Thread-27] HikariPool-7 - Shutdown completed.
2025-05-20 16:26:47 [restartedMain] Starting SpringrestwithDtoApplication using Java 21.0.6 with PID 16712 (C:\Users\2406319\Documents\workspace-spring-tool-suite-4-4.29.1.RELEASE spring boot\springrestwithDTO\target\classes started by 2406319 in C:\Users\2406319\Documents\workspace-spring-tool-suite-4-4.29.1.RELEASE spring boot\springrestwithDTO)
2025-05-20 16:26:47 [restartedMain] No active profile set, falling back to 1 default profile: "default"
2025-05-20 16:26:47 [restartedMain] Bootstrapping Spring Data JPA repositories in DEFAULT mode.
2025-05-20 16:26:47 [restartedMain] Finished Spring Data repository scanning in 13 ms. Found 1 JPA repository interface.
2025-05-20 16:26:48 [restartedMain] Tomcat initialized with port 9098 (http)
2025-05-20 16:26:48 [restartedMain] Starting service [Tomcat]
2025-05-20 16:26:48 [restartedMain] Starting Servlet engine: [Apache Tomcat/10.1.40]
2025-05-20 16:26:48 [restartedMain] Initializing Spring embedded WebApplicationContext
2025-05-20 16:26:48 [restartedMain] Root WebApplicationContext: initialization completed in 340 ms
2025-05-20 16:26:48 [restartedMain] HHH000204: Processing PersistenceUnitInfo [name: default]
2025-05-20 16:26:48 [restartedMain] HHH000026: Second-level cache disabled
2025-05-20 16:26:48 [restartedMain] No LoadTimeWeaver setup: ignoring JPA class transformer
2025-05-20 16:26:48 [restartedMain] HikariPool-8 - Starting...
2025-05-20 16:26:48 [restartedMain] HikariPool-8 - Added connection com.mysql.cj.jdbc.ConnectionImpl@17d51b99
2025-05-20 16:26:48 [restartedMain] HikariPool-8 - Start completed.
2025-05-20 16:26:48 [restartedMain] HHH10001005: Database info:
	Database JDBC URL [Connecting through datasource 'HikariDataSource (HikariPool-8)']
	Database driver: undefined/unknown
	Database version: 8.0.41
	Autocommit mode: undefined/unknown
	Isolation level: undefined/unknown
	Minimum pool size: undefined/unknown
	Maximum pool size: undefined/unknown
2025-05-20 16:26:48 [restartedMain] HHH000489: No JTA platform available (set 'hibernate.transaction.jta.platform' to enable JTA platform integration)
2025-05-20 16:26:48 [restartedMain] Initialized JPA EntityManagerFactory for persistence unit 'default'
2025-05-20 16:26:48 [restartedMain] spring.jpa.open-in-view is enabled by default. Therefore, database queries may be performed during view rendering. Explicitly configure spring.jpa.open-in-view to disable this warning
2025-05-20 16:26:48 [restartedMain] LiveReload server is running on port 35729
2025-05-20 16:26:48 [restartedMain] Tomcat started on port 9098 (http) with context path '/'
2025-05-20 16:26:48 [restartedMain] Started SpringrestwithDtoApplication in 0.899 seconds (process running for 2928.723)
2025-05-20 16:26:48 [restartedMain] Condition evaluation unchanged
2025-05-20 16:26:49 [RMI TCP Connection(40)-127.0.0.1] Application shutdown requested.
2025-05-20 16:26:49 [RMI TCP Connection(40)-127.0.0.1] Commencing graceful shutdown. Waiting for active requests to complete
2025-05-20 16:26:49 [tomcat-shutdown] Graceful shutdown complete
2025-05-20 16:26:49 [RMI TCP Connection(40)-127.0.0.1] Closing JPA EntityManagerFactory for persistence unit 'default'
2025-05-20 16:26:49 [RMI TCP Connection(40)-127.0.0.1] HikariPool-8 - Shutdown initiated...
2025-05-20 16:26:49 [RMI TCP Connection(40)-127.0.0.1] HikariPool-8 - Shutdown completed.
2025-05-20 16:33:09 [restartedMain] Starting SpringrestwithDtoApplication using Java 21.0.6 with PID 14352 (C:\Users\2406319\Documents\workspace-spring-tool-suite-4-4.29.1.RELEASE spring boot\springrestwithDTO\target\classes started by 2406319 in C:\Users\2406319\Documents\workspace-spring-tool-suite-4-4.29.1.RELEASE spring boot\springrestwithDTO)
2025-05-20 16:33:09 [restartedMain] No active profile set, falling back to 1 default profile: "default"
2025-05-20 16:33:09 [restartedMain] Devtools property defaults active! Set 'spring.devtools.add-properties' to 'false' to disable
2025-05-20 16:33:09 [restartedMain] For additional web related logging consider setting the 'logging.level.web' property to 'DEBUG'
2025-05-20 16:33:11 [restartedMain] Bootstrapping Spring Data JPA repositories in DEFAULT mode.
2025-05-20 16:33:11 [restartedMain] Finished Spring Data repository scanning in 82 ms. Found 1 JPA repository interface.
2025-05-20 16:36:07 [restartedMain] Starting SpringrestwithDtoApplication using Java 21.0.6 with PID 32336 (C:\Users\2406319\Documents\workspace-spring-tool-suite-4-4.29.1.RELEASE spring boot\springrestwithDTO\target\classes started by 2406319 in C:\Users\2406319\Documents\workspace-spring-tool-suite-4-4.29.1.RELEASE spring boot\springrestwithDTO)
2025-05-20 16:36:07 [restartedMain] No active profile set, falling back to 1 default profile: "default"
2025-05-20 16:36:07 [restartedMain] Devtools property defaults active! Set 'spring.devtools.add-properties' to 'false' to disable
2025-05-20 16:36:07 [restartedMain] For additional web related logging consider setting the 'logging.level.web' property to 'DEBUG'
2025-05-20 16:36:09 [restartedMain] Bootstrapping Spring Data JPA repositories in DEFAULT mode.
2025-05-20 16:36:10 [restartedMain] Finished Spring Data repository scanning in 93 ms. Found 1 JPA repository interface.
2025-05-20 16:36:11 [restartedMain] Tomcat initialized with port 9098 (http)
2025-05-20 16:36:11 [restartedMain] Starting service [Tomcat]
2025-05-20 16:36:11 [restartedMain] Starting Servlet engine: [Apache Tomcat/10.1.40]
2025-05-20 16:36:11 [restartedMain] Initializing Spring embedded WebApplicationContext
2025-05-20 16:36:11 [restartedMain] Root WebApplicationContext: initialization completed in 3230 ms
2025-05-20 16:36:11 [restartedMain] HHH000204: Processing PersistenceUnitInfo [name: default]
2025-05-20 16:36:11 [restartedMain] HHH000412: Hibernate ORM core version 6.6.13.Final
2025-05-20 16:36:11 [restartedMain] HHH000026: Second-level cache disabled
2025-05-20 16:36:11 [restartedMain] No LoadTimeWeaver setup: ignoring JPA class transformer
2025-05-20 16:36:11 [restartedMain] HikariPool-1 - Starting...
2025-05-20 16:36:12 [restartedMain] HikariPool-1 - Added connection com.mysql.cj.jdbc.ConnectionImpl@6cccc0ba
2025-05-20 16:36:12 [restartedMain] HikariPool-1 - Start completed.
2025-05-20 16:36:12 [restartedMain] HHH10001005: Database info:
	Database JDBC URL [Connecting through datasource 'HikariDataSource (HikariPool-1)']
	Database driver: undefined/unknown
	Database version: 8.0.41
	Autocommit mode: undefined/unknown
	Isolation level: undefined/unknown
	Minimum pool size: undefined/unknown
	Maximum pool size: undefined/unknown
2025-05-20 16:36:14 [restartedMain] HHH000489: No JTA platform available (set 'hibernate.transaction.jta.platform' to enable JTA platform integration)
2025-05-20 16:36:14 [restartedMain] Initialized JPA EntityManagerFactory for persistence unit 'default'
2025-05-20 16:36:14 [restartedMain] spring.jpa.open-in-view is enabled by default. Therefore, database queries may be performed during view rendering. Explicitly configure spring.jpa.open-in-view to disable this warning
2025-05-20 16:36:15 [restartedMain] LiveReload server is running on port 35729
2025-05-20 16:36:15 [restartedMain] Tomcat started on port 9098 (http) with context path '/'
2025-05-20 16:36:15 [restartedMain] Started SpringrestwithDtoApplication in 9.17 seconds (process running for 11.489)
2025-05-20 16:36:32 [http-nio-9098-exec-2] Initializing Spring DispatcherServlet 'dispatcherServlet'
2025-05-20 16:36:32 [http-nio-9098-exec-2] Initializing Servlet 'dispatcherServlet'
2025-05-20 16:36:32 [http-nio-9098-exec-2] Completed initialization in 2 ms
2025-05-20 16:36:33 [http-nio-9098-exec-4] Init duration for springdoc-openapi is: 268 ms
2025-05-20 16:37:05 [http-nio-9098-exec-5] Resolved [org.springframework.http.converter.HttpMessageNotReadableException: JSON parse error: Unexpected character ('"' (code 34)): was expecting comma to separate Object entries]
2025-05-20 16:37:54 [RMI TCP Connection(5)-127.0.0.1] Application shutdown requested.
2025-05-20 16:37:54 [RMI TCP Connection(5)-127.0.0.1] Commencing graceful shutdown. Waiting for active requests to complete
2025-05-20 16:37:54 [tomcat-shutdown] Graceful shutdown complete
2025-05-20 16:37:54 [RMI TCP Connection(5)-127.0.0.1] Closing JPA EntityManagerFactory for persistence unit 'default'
2025-05-20 16:37:54 [RMI TCP Connection(5)-127.0.0.1] HikariPool-1 - Shutdown initiated...
2025-05-20 16:37:54 [RMI TCP Connection(5)-127.0.0.1] HikariPool-1 - Shutdown completed.
2025-05-20 16:45:00 [restartedMain] Starting SpringrestwithDtoApplication using Java 21.0.6 with PID 24072 (C:\Users\2406319\Documents\workspace-spring-tool-suite-4-4.29.1.RELEASE spring boot\springrestwithDTO\target\classes started by 2406319 in C:\Users\2406319\Documents\workspace-spring-tool-suite-4-4.29.1.RELEASE spring boot\springrestwithDTO)
2025-05-20 16:45:00 [restartedMain] No active profile set, falling back to 1 default profile: "default"
2025-05-20 16:45:00 [restartedMain] Devtools property defaults active! Set 'spring.devtools.add-properties' to 'false' to disable
2025-05-20 16:45:00 [restartedMain] For additional web related logging consider setting the 'logging.level.web' property to 'DEBUG'
2025-05-20 16:45:02 [restartedMain] Bootstrapping Spring Data JPA repositories in DEFAULT mode.
2025-05-20 16:45:02 [restartedMain] Finished Spring Data repository scanning in 95 ms. Found 1 JPA repository interface.
2025-05-20 16:45:03 [restartedMain] Tomcat initialized with port 9098 (http)
2025-05-20 16:45:03 [restartedMain] Starting service [Tomcat]
2025-05-20 16:45:03 [restartedMain] Starting Servlet engine: [Apache Tomcat/10.1.40]
2025-05-20 16:45:03 [restartedMain] Initializing Spring embedded WebApplicationContext
2025-05-20 16:45:03 [restartedMain] Root WebApplicationContext: initialization completed in 2517 ms
2025-05-20 16:45:03 [restartedMain] HHH000204: Processing PersistenceUnitInfo [name: default]
2025-05-20 16:45:03 [restartedMain] HHH000412: Hibernate ORM core version 6.6.13.Final
2025-05-20 16:45:03 [restartedMain] HHH000026: Second-level cache disabled
2025-05-20 16:45:04 [restartedMain] No LoadTimeWeaver setup: ignoring JPA class transformer
2025-05-20 16:45:04 [restartedMain] HikariPool-1 - Starting...
2025-05-20 16:45:04 [restartedMain] HikariPool-1 - Added connection com.mysql.cj.jdbc.ConnectionImpl@1ef0a9b8
2025-05-20 16:45:04 [restartedMain] HikariPool-1 - Start completed.
2025-05-20 16:45:04 [restartedMain] HHH10001005: Database info:
	Database JDBC URL [Connecting through datasource 'HikariDataSource (HikariPool-1)']
	Database driver: undefined/unknown
	Database version: 8.0.41
	Autocommit mode: undefined/unknown
	Isolation level: undefined/unknown
	Minimum pool size: undefined/unknown
	Maximum pool size: undefined/unknown
2025-05-20 16:45:06 [restartedMain] HHH000489: No JTA platform available (set 'hibernate.transaction.jta.platform' to enable JTA platform integration)
2025-05-20 16:45:06 [restartedMain] Initialized JPA EntityManagerFactory for persistence unit 'default'
2025-05-20 16:45:07 [restartedMain] spring.jpa.open-in-view is enabled by default. Therefore, database queries may be performed during view rendering. Explicitly configure spring.jpa.open-in-view to disable this warning
2025-05-20 16:45:07 [restartedMain] Exception encountered during context initialization - cancelling refresh attempt: org.springframework.beans.factory.BeanCreationException: Error creating bean with name 'requestMappingHandlerMapping' defined in class path resource [org/springframework/boot/autoconfigure/web/servlet/WebMvcAutoConfiguration$EnableWebMvcConfiguration.class]: Ambiguous mapping. Cannot map 'employeeController' method 
com.cts.controller.EmployeeController#viewAllEmployeeByAdmin()
to {GET [/api/v1/employee]}: There is already 'employeeController' bean method
com.cts.controller.EmployeeController#viewAllEmployee() mapped.
2025-05-20 16:45:07 [restartedMain] Closing JPA EntityManagerFactory for persistence unit 'default'
2025-05-20 16:45:07 [restartedMain] HikariPool-1 - Shutdown initiated...
2025-05-20 16:45:07 [restartedMain] HikariPool-1 - Shutdown completed.
2025-05-20 16:45:07 [restartedMain] Stopping service [Tomcat]
2025-05-20 16:45:07 [restartedMain] 

Error starting ApplicationContext. To display the condition evaluation report re-run your application with 'debug' enabled.
2025-05-20 16:45:07 [restartedMain] Application run failed
org.springframework.beans.factory.BeanCreationException: Error creating bean with name 'requestMappingHandlerMapping' defined in class path resource [org/springframework/boot/autoconfigure/web/servlet/WebMvcAutoConfiguration$EnableWebMvcConfiguration.class]: Ambiguous mapping. Cannot map 'employeeController' method 
com.cts.controller.EmployeeController#viewAllEmployeeByAdmin()
to {GET [/api/v1/employee]}: There is already 'employeeController' bean method
com.cts.controller.EmployeeController#viewAllEmployee() mapped.
	at org.springframework.beans.factory.support.AbstractAutowireCapableBeanFactory.initializeBean(AbstractAutowireCapableBeanFactory.java:1818)
	at org.springframework.beans.factory.support.AbstractAutowireCapableBeanFactory.doCreateBean(AbstractAutowireCapableBeanFactory.java:607)
	at org.springframework.beans.factory.support.AbstractAutowireCapableBeanFactory.createBean(AbstractAutowireCapableBeanFactory.java:529)
	at org.springframework.beans.factory.support.AbstractBeanFactory.lambda$doGetBean$0(AbstractBeanFactory.java:339)
	at org.springframework.beans.factory.support.DefaultSingletonBeanRegistry.getSingleton(DefaultSingletonBeanRegistry.java:371)
	at org.springframework.beans.factory.support.AbstractBeanFactory.doGetBean(AbstractBeanFactory.java:337)
	at org.springframework.beans.factory.support.AbstractBeanFactory.getBean(AbstractBeanFactory.java:202)
	at org.springframework.beans.factory.support.DefaultListableBeanFactory.instantiateSingleton(DefaultListableBeanFactory.java:1221)
	at org.springframework.beans.factory.support.DefaultListableBeanFactory.preInstantiateSingleton(DefaultListableBeanFactory.java:1187)
	at org.springframework.beans.factory.support.DefaultListableBeanFactory.preInstantiateSingletons(DefaultListableBeanFactory.java:1122)
	at org.springframework.context.support.AbstractApplicationContext.finishBeanFactoryInitialization(AbstractApplicationContext.java:987)
	at org.springframework.context.support.AbstractApplicationContext.refresh(AbstractApplicationContext.java:627)
	at org.springframework.boot.web.servlet.context.ServletWebServerApplicationContext.refresh(ServletWebServerApplicationContext.java:146)
	at org.springframework.boot.SpringApplication.refresh(SpringApplication.java:753)
	at org.springframework.boot.SpringApplication.refreshContext(SpringApplication.java:439)
	at org.springframework.boot.SpringApplication.run(SpringApplication.java:318)
	at org.springframework.boot.SpringApplication.run(SpringApplication.java:1362)
	at org.springframework.boot.SpringApplication.run(SpringApplication.java:1351)
	at com.cts.SpringrestwithDtoApplication.main(SpringrestwithDtoApplication.java:12)
	at java.base/jdk.internal.reflect.DirectMethodHandleAccessor.invoke(DirectMethodHandleAccessor.java:103)
	at java.base/java.lang.reflect.Method.invoke(Method.java:580)
	at org.springframework.boot.devtools.restart.RestartLauncher.run(RestartLauncher.java:50)
Caused by: java.lang.IllegalStateException: Ambiguous mapping. Cannot map 'employeeController' method 
com.cts.controller.EmployeeController#viewAllEmployeeByAdmin()
to {GET [/api/v1/employee]}: There is already 'employeeController' bean method
com.cts.controller.EmployeeController#viewAllEmployee() mapped.
	at org.springframework.web.servlet.handler.AbstractHandlerMethodMapping$MappingRegistry.validateMethodMapping(AbstractHandlerMethodMapping.java:676)
	at org.springframework.web.servlet.handler.AbstractHandlerMethodMapping$MappingRegistry.register(AbstractHandlerMethodMapping.java:637)
	at org.springframework.web.servlet.handler.AbstractHandlerMethodMapping.registerHandlerMethod(AbstractHandlerMethodMapping.java:331)
	at org.springframework.web.servlet.mvc.method.annotation.RequestMappingHandlerMapping.registerHandlerMethod(RequestMappingHandlerMapping.java:507)
	at org.springframework.web.servlet.mvc.method.annotation.RequestMappingHandlerMapping.registerHandlerMethod(RequestMappingHandlerMapping.java:84)
	at org.springframework.web.servlet.handler.AbstractHandlerMethodMapping.lambda$detectHandlerMethods$2(AbstractHandlerMethodMapping.java:298)
	at java.base/java.util.LinkedHashMap.forEach(LinkedHashMap.java:986)
	at org.springframework.web.servlet.handler.AbstractHandlerMethodMapping.detectHandlerMethods(AbstractHandlerMethodMapping.java:296)
	at org.springframework.web.servlet.handler.AbstractHandlerMethodMapping.processCandidateBean(AbstractHandlerMethodMapping.java:265)
	at org.springframework.web.servlet.handler.AbstractHandlerMethodMapping.initHandlerMethods(AbstractHandlerMethodMapping.java:224)
	at org.springframework.web.servlet.handler.AbstractHandlerMethodMapping.afterPropertiesSet(AbstractHandlerMethodMapping.java:212)
	at org.springframework.web.servlet.mvc.method.annotation.RequestMappingHandlerMapping.afterPropertiesSet(RequestMappingHandlerMapping.java:237)
	at org.springframework.beans.factory.support.AbstractAutowireCapableBeanFactory.invokeInitMethods(AbstractAutowireCapableBeanFactory.java:1865)
	at org.springframework.beans.factory.support.AbstractAutowireCapableBeanFactory.initializeBean(AbstractAutowireCapableBeanFactory.java:1814)
	... 21 common frames omitted
2025-05-20 16:45:45 [restartedMain] Starting SpringrestwithDtoApplication using Java 21.0.6 with PID 14736 (C:\Users\2406319\Documents\workspace-spring-tool-suite-4-4.29.1.RELEASE spring boot\springrestwithDTO\target\classes started by 2406319 in C:\Users\2406319\Documents\workspace-spring-tool-suite-4-4.29.1.RELEASE spring boot\springrestwithDTO)
2025-05-20 16:45:45 [restartedMain] No active profile set, falling back to 1 default profile: "default"
2025-05-20 16:45:45 [restartedMain] Devtools property defaults active! Set 'spring.devtools.add-properties' to 'false' to disable
2025-05-20 16:45:45 [restartedMain] For additional web related logging consider setting the 'logging.level.web' property to 'DEBUG'
2025-05-20 16:45:46 [restartedMain] Bootstrapping Spring Data JPA repositories in DEFAULT mode.
2025-05-20 16:45:47 [restartedMain] Finished Spring Data repository scanning in 145 ms. Found 1 JPA repository interface.
2025-05-20 16:45:47 [restartedMain] Tomcat initialized with port 9098 (http)
2025-05-20 16:45:47 [restartedMain] Starting service [Tomcat]
2025-05-20 16:45:47 [restartedMain] Starting Servlet engine: [Apache Tomcat/10.1.40]
2025-05-20 16:45:47 [restartedMain] Initializing Spring embedded WebApplicationContext
2025-05-20 16:45:47 [restartedMain] Root WebApplicationContext: initialization completed in 2473 ms
2025-05-20 16:45:48 [restartedMain] HHH000204: Processing PersistenceUnitInfo [name: default]
2025-05-20 16:45:48 [restartedMain] HHH000412: Hibernate ORM core version 6.6.13.Final
2025-05-20 16:45:48 [restartedMain] HHH000026: Second-level cache disabled
2025-05-20 16:45:48 [restartedMain] No LoadTimeWeaver setup: ignoring JPA class transformer
2025-05-20 16:45:48 [restartedMain] HikariPool-1 - Starting...
2025-05-20 16:45:49 [restartedMain] HikariPool-1 - Added connection com.mysql.cj.jdbc.ConnectionImpl@4fc3ffab
2025-05-20 16:45:49 [restartedMain] HikariPool-1 - Start completed.
2025-05-20 16:45:49 [restartedMain] HHH10001005: Database info:
	Database JDBC URL [Connecting through datasource 'HikariDataSource (HikariPool-1)']
	Database driver: undefined/unknown
	Database version: 8.0.41
	Autocommit mode: undefined/unknown
	Isolation level: undefined/unknown
	Minimum pool size: undefined/unknown
	Maximum pool size: undefined/unknown
2025-05-20 16:45:50 [restartedMain] HHH000489: No JTA platform available (set 'hibernate.transaction.jta.platform' to enable JTA platform integration)
2025-05-20 16:45:50 [restartedMain] Initialized JPA EntityManagerFactory for persistence unit 'default'
2025-05-20 16:45:51 [restartedMain] spring.jpa.open-in-view is enabled by default. Therefore, database queries may be performed during view rendering. Explicitly configure spring.jpa.open-in-view to disable this warning
2025-05-20 16:45:52 [restartedMain] LiveReload server is running on port 35729
2025-05-20 16:45:52 [restartedMain] Tomcat started on port 9098 (http) with context path '/'
2025-05-20 16:45:52 [restartedMain] Started SpringrestwithDtoApplication in 7.667 seconds (process running for 9.153)
2025-05-20 16:45:58 [http-nio-9098-exec-1] Initializing Spring DispatcherServlet 'dispatcherServlet'
2025-05-20 16:45:58 [http-nio-9098-exec-1] Initializing Servlet 'dispatcherServlet'
2025-05-20 16:45:58 [http-nio-9098-exec-1] Completed initialization in 3 ms
2025-05-20 16:45:59 [http-nio-9098-exec-4] Init duration for springdoc-openapi is: 422 ms
2025-05-20 16:48:01 [http-nio-9098-exec-2] Resolved [org.springframework.web.HttpRequestMethodNotSupportedException: Request method 'POST' is not supported]
2025-05-20 16:48:54 [RMI TCP Connection(5)-127.0.0.1] Application shutdown requested.
2025-05-20 16:48:54 [RMI TCP Connection(5)-127.0.0.1] Commencing graceful shutdown. Waiting for active requests to complete
2025-05-20 16:48:54 [tomcat-shutdown] Graceful shutdown complete
2025-05-20 16:48:54 [RMI TCP Connection(5)-127.0.0.1] Closing JPA EntityManagerFactory for persistence unit 'default'
2025-05-20 16:48:54 [RMI TCP Connection(5)-127.0.0.1] HikariPool-1 - Shutdown initiated...
2025-05-20 16:48:54 [RMI TCP Connection(5)-127.0.0.1] HikariPool-1 - Shutdown completed.
2025-05-20 17:12:14 [restartedMain] Starting SpringrestwithDtoApplication using Java 21.0.6 with PID 18964 (C:\Users\2406319\Documents\workspace-spring-tool-suite-4-4.29.1.RELEASE spring boot\springrestwithDTO\target\classes started by 2406319 in C:\Users\2406319\Documents\workspace-spring-tool-suite-4-4.29.1.RELEASE spring boot\springrestwithDTO)
2025-05-20 17:12:14 [restartedMain] No active profile set, falling back to 1 default profile: "default"
2025-05-20 17:12:14 [restartedMain] Devtools property defaults active! Set 'spring.devtools.add-properties' to 'false' to disable
2025-05-20 17:12:14 [restartedMain] For additional web related logging consider setting the 'logging.level.web' property to 'DEBUG'
2025-05-20 17:12:17 [restartedMain] Bootstrapping Spring Data JPA repositories in DEFAULT mode.
2025-05-20 17:12:17 [restartedMain] Finished Spring Data repository scanning in 165 ms. Found 1 JPA repository interface.
2025-05-20 17:12:18 [restartedMain] Tomcat initialized with port 9098 (http)
2025-05-20 17:12:18 [restartedMain] Starting service [Tomcat]
2025-05-20 17:12:18 [restartedMain] Starting Servlet engine: [Apache Tomcat/10.1.40]
2025-05-20 17:12:19 [restartedMain] Initializing Spring embedded WebApplicationContext
2025-05-20 17:12:19 [restartedMain] Root WebApplicationContext: initialization completed in 4726 ms
2025-05-20 17:12:19 [restartedMain] HHH000204: Processing PersistenceUnitInfo [name: default]
2025-05-20 17:12:19 [restartedMain] HHH000412: Hibernate ORM core version 6.6.13.Final
2025-05-20 17:12:19 [restartedMain] HHH000026: Second-level cache disabled
2025-05-20 17:12:20 [restartedMain] No LoadTimeWeaver setup: ignoring JPA class transformer
2025-05-20 17:12:20 [restartedMain] HikariPool-1 - Starting...
2025-05-20 17:12:20 [restartedMain] HikariPool-1 - Added connection com.mysql.cj.jdbc.ConnectionImpl@5aaed316
2025-05-20 17:12:20 [restartedMain] HikariPool-1 - Start completed.
2025-05-20 17:12:20 [restartedMain] HHH10001005: Database info:
	Database JDBC URL [Connecting through datasource 'HikariDataSource (HikariPool-1)']
	Database driver: undefined/unknown
	Database version: 8.0.41
	Autocommit mode: undefined/unknown
	Isolation level: undefined/unknown
	Minimum pool size: undefined/unknown
	Maximum pool size: undefined/unknown
2025-05-20 17:12:21 [restartedMain] HHH000489: No JTA platform available (set 'hibernate.transaction.jta.platform' to enable JTA platform integration)
2025-05-20 17:12:22 [restartedMain] Initialized JPA EntityManagerFactory for persistence unit 'default'
2025-05-20 17:12:22 [restartedMain] spring.jpa.open-in-view is enabled by default. Therefore, database queries may be performed during view rendering. Explicitly configure spring.jpa.open-in-view to disable this warning
2025-05-20 17:12:23 [restartedMain] LiveReload server is running on port 35729
2025-05-20 17:12:23 [restartedMain] Tomcat started on port 9098 (http) with context path '/'
2025-05-20 17:12:23 [restartedMain] Started SpringrestwithDtoApplication in 10.282 seconds (process running for 12.489)
2025-05-20 17:13:30 [http-nio-9098-exec-1] Initializing Spring DispatcherServlet 'dispatcherServlet'
2025-05-20 17:13:30 [http-nio-9098-exec-1] Initializing Servlet 'dispatcherServlet'
2025-05-20 17:13:30 [http-nio-9098-exec-1] Completed initialization in 0 ms
2025-05-20 17:14:15 [RMI TCP Connection(4)-127.0.0.1] Application shutdown requested.
2025-05-20 17:14:15 [RMI TCP Connection(4)-127.0.0.1] Commencing graceful shutdown. Waiting for active requests to complete
2025-05-20 17:14:15 [tomcat-shutdown] Graceful shutdown complete
2025-05-20 17:14:15 [RMI TCP Connection(4)-127.0.0.1] Closing JPA EntityManagerFactory for persistence unit 'default'
2025-05-20 17:14:15 [RMI TCP Connection(4)-127.0.0.1] HikariPool-1 - Shutdown initiated...
2025-05-20 17:14:15 [RMI TCP Connection(4)-127.0.0.1] HikariPool-1 - Shutdown completed.
